2019-08-15 10:54:46.898 [Test worker] INFO  <clinit> - Initializing browser
2019-08-15 10:54:57.922 [Test worker] INFO  <init> - Initializing StartPage...
2019-08-15 10:54:57.951 [Test worker] INFO  login - Autorization...
2019-08-15 10:54:58.524 [Test worker] INFO  goToPage - going to page TICKETS
2019-08-15 10:54:58.930 [Test worker] INFO  <init> - Initializing tickets page...
2019-08-15 10:55:00.430 [Test worker] INFO  createTicket - Creating ticket...
2019-08-15 10:55:00.851 [Test worker] INFO  <init> - Initializing ticket creation page...
2019-08-15 10:57:35.647 [Test worker] INFO  <clinit> - Initializing browser
2019-08-15 10:57:42.664 [Test worker] INFO  <init> - Initializing StartPage...
2019-08-15 10:57:42.703 [Test worker] INFO  login - Autorization...
2019-08-15 10:57:43.214 [Test worker] INFO  goToPage - going to page TICKETS
2019-08-15 10:57:44.326 [Test worker] INFO  <init> - Initializing tickets page...
2019-08-15 10:57:45.535 [Test worker] INFO  createTicket - Creating ticket...
2019-08-15 10:57:45.952 [Test worker] INFO  <init> - Initializing ticket creation page...
2019-08-15 11:04:34.426 [Test worker] INFO  <clinit> - Initializing browser
2019-08-15 11:04:40.804 [Test worker] INFO  <init> - Initializing StartPage...
2019-08-15 11:04:40.846 [Test worker] INFO  login - Autorization...
2019-08-15 11:04:41.471 [Test worker] INFO  goToPage - going to page TICKETS
2019-08-15 11:04:42.887 [Test worker] INFO  <init> - Initializing tickets page...
2019-08-15 11:04:44.309 [Test worker] INFO  createTicket - Creating ticket...
2019-08-15 11:04:44.802 [Test worker] INFO  <init> - Initializing ticket creation page...
2019-08-15 11:05:25.152 [Test worker] INFO  <clinit> - Initializing browser
2019-08-15 11:05:31.371 [Test worker] INFO  <init> - Initializing StartPage...
2019-08-15 11:05:31.413 [Test worker] INFO  login - Autorization...
2019-08-15 11:05:32.100 [Test worker] INFO  goToPage - going to page TICKETS
2019-08-15 11:05:33.420 [Test worker] INFO  <init> - Initializing tickets page...
2019-08-15 11:06:05.908 [Test worker] INFO  <clinit> - Initializing browser
2019-08-15 11:06:11.950 [Test worker] INFO  <init> - Initializing StartPage...
2019-08-15 11:06:11.985 [Test worker] INFO  login - Autorization...
2019-08-15 11:06:12.575 [Test worker] INFO  goToPage - going to page TICKETS
2019-08-15 11:06:13.762 [Test worker] INFO  <init> - Initializing tickets page...
2019-08-15 11:06:14.774 [Test worker] INFO  createTicket - Creating ticket...
2019-08-15 11:06:15.240 [Test worker] INFO  <init> - Initializing ticket creation page...
2019-08-15 11:17:08.467 [Test worker] INFO  <clinit> - Initializing browser
2019-08-15 11:17:14.063 [Test worker] INFO  <init> - Initializing StartPage...
2019-08-15 11:17:14.098 [Test worker] INFO  login - Autorization...
2019-08-15 11:17:14.581 [Test worker] INFO  goToPage - going to page TICKETS
2019-08-15 11:17:15.521 [Test worker] INFO  <init> - Initializing tickets page...
2019-08-15 11:17:16.446 [Test worker] INFO  createTicket - Creating ticket...
2019-08-15 11:17:16.723 [Test worker] INFO  <init> - Initializing ticket creation page...
2019-08-15 11:17:16.727 [Test worker] INFO  setDefaultAttributes - Setting attributes by default...
2019-08-15 11:17:16.728 [Test worker] INFO  nextStep - Going to next page...
2019-08-15 23:07:41.875 [Test worker] INFO  <clinit> - Initializing browser
2019-08-15 23:07:51.729 [Test worker] INFO  <init> - Initializing StartPage...
2019-08-15 23:07:51.771 [Test worker] INFO  login - Autorization...
2019-08-15 23:07:52.248 [Test worker] INFO  goToPage - going to page TICKETS
2019-08-15 23:07:52.593 [Test worker] INFO  <init> - Initializing tickets page...
2019-08-15 23:07:54.412 [Test worker] INFO  createTicket - Creating ticket...
2019-08-15 23:07:54.999 [Test worker] INFO  <init> - Initializing ticket creation page...
2019-08-15 23:07:55.003 [Test worker] INFO  setDefaultAttributes - Setting attributes by default...
2019-08-15 23:07:55.004 [Test worker] INFO  nextStep - Going to next page...
2019-08-15 23:07:55.174 [Test worker] INFO  setDefaultAttributes - Setting attributes by default...
2019-08-15 23:08:15.845 [Test worker] ERROR sam_test - org.openqa.selenium.NoSuchElementException: no such element: Unable to locate element: {"method":"class name","selector":"cdk-overlay-pane"}
  (Session info: chrome=76.0.3809.100)
  (Driver info: chromedriver=2.35.528161 (5b82f2d2aae0ca24b877009200ced9065a772e73),platform=Windows NT 10.0.14393 x86_64) (WARNING: The server did not provide any stacktrace information)
Command duration or timeout: 0 milliseconds
For documentation on this error, please visit: http://seleniumhq.org/exceptions/no_such_element.html
Build info: version: '3.5.2', revision: '10229a9', time: '2017-08-21T17:29:55.15Z'
System info: host: 'WGD02RTI412', ip: '10.0.75.1', os.name: 'Windows 10', os.arch: 'amd64', os.version: '10.0', java.version: '1.8.0_161'
Driver info: org.openqa.selenium.chrome.ChromeDriver
Capabilities [{mobileEmulationEnabled=false, hasTouchScreen=false, platform=XP, acceptSslCerts=false, acceptInsecureCerts=false, webStorageEnabled=true, browserName=chrome, takesScreenshot=true, javascriptEnabled=true, setWindowRect=true, unexpectedAlertBehaviour=, applicationCacheEnabled=false, rotatable=false, networkConnectionEnabled=false, chrome={chromedriverVersion=2.35.528161 (5b82f2d2aae0ca24b877009200ced9065a772e73), userDataDir=C:\Users\SERGEY~1.NIK\AppData\Local\Temp\scoped_dir9404_25524}, takesHeapSnapshot=true, pageLoadStrategy=normal, unhandledPromptBehavior=, databaseEnabled=false, handlesAlerts=true, version=76.0.3809.100, browserConnectionEnabled=false, nativeEvents=true, locationContextEnabled=true, cssSelectorsEnabled=true}]
Session ID: 98ebd21a54789b67e418245e198307e0
*** Element info: {Using=class name, value=cdk-overlay-pane}
2019-08-15 23:13:51.119 [Test worker] INFO  <clinit> - Initializing browser
2019-08-15 23:14:01.138 [Test worker] INFO  <init> - Initializing StartPage...
2019-08-15 23:14:01.176 [Test worker] INFO  login - Autorization...
2019-08-15 23:14:01.732 [Test worker] INFO  goToPage - going to page TICKETS
2019-08-15 23:14:02.259 [Test worker] INFO  <init> - Initializing tickets page...
2019-08-15 23:14:04.103 [Test worker] INFO  createTicket - Creating ticket...
2019-08-15 23:14:04.644 [Test worker] INFO  <init> - Initializing ticket creation page...
2019-08-15 23:14:04.649 [Test worker] INFO  setDefaultAttributes - Setting attributes by default...
2019-08-15 23:14:04.650 [Test worker] INFO  nextStep - Going to next page...
2019-08-15 23:14:04.840 [Test worker] INFO  setDefaultAttributes - Setting attributes by default...
2019-08-15 23:14:16.271 [Test worker] INFO  <init> - Initializing options...
2019-08-15 23:14:21.274 [Test worker] ERROR sam_test - org.openqa.selenium.StaleElementReferenceException: stale element reference: element is not attached to the page document
  (Session info: chrome=76.0.3809.100)
  (Driver info: chromedriver=2.35.528161 (5b82f2d2aae0ca24b877009200ced9065a772e73),platform=Windows NT 10.0.14393 x86_64) (WARNING: The server did not provide any stacktrace information)
Command duration or timeout: 0 milliseconds
For documentation on this error, please visit: http://seleniumhq.org/exceptions/stale_element_reference.html
Build info: version: '3.5.2', revision: '10229a9', time: '2017-08-21T17:29:55.15Z'
System info: host: 'WGD02RTI412', ip: '10.0.75.1', os.name: 'Windows 10', os.arch: 'amd64', os.version: '10.0', java.version: '1.8.0_161'
Driver info: org.openqa.selenium.chrome.ChromeDriver
Capabilities [{mobileEmulationEnabled=false, hasTouchScreen=false, platform=XP, acceptSslCerts=false, acceptInsecureCerts=false, webStorageEnabled=true, browserName=chrome, takesScreenshot=true, javascriptEnabled=true, setWindowRect=true, unexpectedAlertBehaviour=, applicationCacheEnabled=false, rotatable=false, networkConnectionEnabled=false, chrome={chromedriverVersion=2.35.528161 (5b82f2d2aae0ca24b877009200ced9065a772e73), userDataDir=C:\Users\SERGEY~1.NIK\AppData\Local\Temp\scoped_dir14800_21173}, takesHeapSnapshot=true, pageLoadStrategy=normal, unhandledPromptBehavior=, databaseEnabled=false, handlesAlerts=true, version=76.0.3809.100, browserConnectionEnabled=false, nativeEvents=true, locationContextEnabled=true, cssSelectorsEnabled=true}]
Session ID: d169053b4a4194512531f5225188433b
2019-08-15 23:15:15.438 [Test worker] INFO  <clinit> - Initializing browser
2019-08-15 23:15:24.955 [Test worker] INFO  <init> - Initializing StartPage...
2019-08-15 23:15:25.007 [Test worker] INFO  login - Autorization...
2019-08-15 23:15:25.489 [Test worker] INFO  goToPage - going to page TICKETS
2019-08-15 23:15:26.020 [Test worker] INFO  <init> - Initializing tickets page...
2019-08-15 23:15:27.607 [Test worker] INFO  createTicket - Creating ticket...
2019-08-15 23:15:27.874 [Test worker] INFO  <init> - Initializing ticket creation page...
2019-08-15 23:15:27.879 [Test worker] INFO  setDefaultAttributes - Setting attributes by default...
2019-08-15 23:15:27.880 [Test worker] INFO  nextStep - Going to next page...
2019-08-15 23:15:27.998 [Test worker] INFO  setDefaultAttributes - Setting attributes by default...
2019-08-15 23:22:21.014 [Test worker] INFO  <clinit> - Initializing browser
2019-08-15 23:22:30.163 [Test worker] INFO  <init> - Initializing StartPage...
2019-08-15 23:22:30.203 [Test worker] INFO  login - Autorization...
2019-08-15 23:22:30.756 [Test worker] INFO  goToPage - going to page TICKETS
2019-08-15 23:22:31.227 [Test worker] INFO  <init> - Initializing tickets page...
2019-08-15 23:22:33.433 [Test worker] INFO  createTicket - Creating ticket...
2019-08-15 23:22:33.847 [Test worker] INFO  <init> - Initializing ticket creation page...
2019-08-15 23:22:33.851 [Test worker] INFO  setDefaultAttributes - Setting attributes by default...
2019-08-15 23:22:33.852 [Test worker] INFO  nextStep - Going to next page...
2019-08-15 23:22:33.995 [Test worker] INFO  setDefaultAttributes - Setting attributes by default...
2019-08-15 23:22:35.181 [Test worker] INFO  <init> - Initializing options...
2019-08-15 23:22:42.252 [Test worker] INFO  nextStep - Going to next page...
2019-08-15 23:22:42.370 [Test worker] ERROR sam_test - org.openqa.selenium.ElementNotVisibleException: element not visible
  (Session info: chrome=76.0.3809.100)
  (Driver info: chromedriver=2.35.528161 (5b82f2d2aae0ca24b877009200ced9065a772e73),platform=Windows NT 10.0.14393 x86_64) (WARNING: The server did not provide any stacktrace information)
Command duration or timeout: 0 milliseconds
Build info: version: '3.5.2', revision: '10229a9', time: '2017-08-21T17:29:55.15Z'
System info: host: 'WGD02RTI412', ip: '10.0.75.1', os.name: 'Windows 10', os.arch: 'amd64', os.version: '10.0', java.version: '1.8.0_161'
Driver info: org.openqa.selenium.chrome.ChromeDriver
Capabilities [{mobileEmulationEnabled=false, hasTouchScreen=false, platform=XP, acceptSslCerts=false, acceptInsecureCerts=false, webStorageEnabled=true, browserName=chrome, takesScreenshot=true, javascriptEnabled=true, setWindowRect=true, unexpectedAlertBehaviour=, applicationCacheEnabled=false, rotatable=false, networkConnectionEnabled=false, chrome={chromedriverVersion=2.35.528161 (5b82f2d2aae0ca24b877009200ced9065a772e73), userDataDir=C:\Users\SERGEY~1.NIK\AppData\Local\Temp\scoped_dir19120_29180}, takesHeapSnapshot=true, pageLoadStrategy=normal, unhandledPromptBehavior=, databaseEnabled=false, handlesAlerts=true, version=76.0.3809.100, browserConnectionEnabled=false, nativeEvents=true, locationContextEnabled=true, cssSelectorsEnabled=true}]
Session ID: db5ebc7279b990128a621a146cecd971
2019-08-15 23:23:38.097 [Test worker] INFO  <clinit> - Initializing browser
2019-08-15 23:23:45.945 [Test worker] INFO  <init> - Initializing StartPage...
2019-08-15 23:23:45.979 [Test worker] INFO  login - Autorization...
2019-08-15 23:23:46.571 [Test worker] INFO  goToPage - going to page TICKETS
2019-08-15 23:23:47.215 [Test worker] INFO  <init> - Initializing tickets page...
2019-08-15 23:23:49.110 [Test worker] INFO  createTicket - Creating ticket...
2019-08-15 23:23:49.661 [Test worker] INFO  <init> - Initializing ticket creation page...
2019-08-15 23:23:49.666 [Test worker] INFO  setDefaultAttributes - Setting attributes by default...
2019-08-15 23:23:49.667 [Test worker] INFO  nextStep - Going to next page...
2019-08-15 23:23:49.811 [Test worker] INFO  setDefaultAttributes - Setting attributes by default...
2019-08-15 23:23:51.016 [Test worker] INFO  <init> - Initializing options...
2019-08-15 23:24:11.076 [Test worker] ERROR sam_test - java.lang.IndexOutOfBoundsException: Index: 0, Size: 0
2019-08-15 23:28:00.856 [Test worker] INFO  <clinit> - Initializing browser
2019-08-15 23:28:11.040 [Test worker] INFO  <init> - Initializing StartPage...
2019-08-15 23:28:11.077 [Test worker] INFO  login - Autorization...
2019-08-15 23:28:11.704 [Test worker] INFO  goToPage - going to page TICKETS
2019-08-15 23:28:12.401 [Test worker] INFO  <init> - Initializing tickets page...
2019-08-15 23:28:14.218 [Test worker] INFO  createTicket - Creating ticket...
2019-08-15 23:28:14.659 [Test worker] INFO  <init> - Initializing ticket creation page...
2019-08-15 23:28:14.663 [Test worker] INFO  setDefaultAttributes - Setting attributes by default...
2019-08-15 23:28:14.664 [Test worker] INFO  nextStep - Going to next page...
2019-08-15 23:28:14.837 [Test worker] INFO  setDefaultAttributes - Setting attributes by default...
2019-08-15 23:28:35.361 [Test worker] ERROR sam_test - org.openqa.selenium.NoSuchElementException: no such element: Unable to locate element: {"method":"class name","selector":"cdk-overlay-pane"}
  (Session info: chrome=76.0.3809.100)
  (Driver info: chromedriver=2.35.528161 (5b82f2d2aae0ca24b877009200ced9065a772e73),platform=Windows NT 10.0.14393 x86_64) (WARNING: The server did not provide any stacktrace information)
Command duration or timeout: 0 milliseconds
For documentation on this error, please visit: http://seleniumhq.org/exceptions/no_such_element.html
Build info: version: '3.5.2', revision: '10229a9', time: '2017-08-21T17:29:55.15Z'
System info: host: 'WGD02RTI412', ip: '10.0.75.1', os.name: 'Windows 10', os.arch: 'amd64', os.version: '10.0', java.version: '1.8.0_161'
Driver info: org.openqa.selenium.chrome.ChromeDriver
Capabilities [{mobileEmulationEnabled=false, hasTouchScreen=false, platform=XP, acceptSslCerts=false, acceptInsecureCerts=false, webStorageEnabled=true, browserName=chrome, takesScreenshot=true, javascriptEnabled=true, setWindowRect=true, unexpectedAlertBehaviour=, applicationCacheEnabled=false, rotatable=false, networkConnectionEnabled=false, chrome={chromedriverVersion=2.35.528161 (5b82f2d2aae0ca24b877009200ced9065a772e73), userDataDir=C:\Users\SERGEY~1.NIK\AppData\Local\Temp\scoped_dir12896_5745}, takesHeapSnapshot=true, pageLoadStrategy=normal, unhandledPromptBehavior=, databaseEnabled=false, handlesAlerts=true, version=76.0.3809.100, browserConnectionEnabled=false, nativeEvents=true, locationContextEnabled=true, cssSelectorsEnabled=true}]
Session ID: 39281fc2d4eeaa8296678ea4d042e690
*** Element info: {Using=class name, value=cdk-overlay-pane}
2019-08-15 23:32:59.201 [Test worker] INFO  <clinit> - Initializing browser
2019-08-15 23:33:07.100 [Test worker] INFO  <init> - Initializing StartPage...
2019-08-15 23:33:07.147 [Test worker] INFO  login - Autorization...
2019-08-15 23:33:07.837 [Test worker] INFO  goToPage - going to page TICKETS
2019-08-15 23:33:08.328 [Test worker] INFO  <init> - Initializing tickets page...
2019-08-15 23:33:10.320 [Test worker] INFO  createTicket - Creating ticket...
2019-08-15 23:33:10.829 [Test worker] INFO  <init> - Initializing ticket creation page...
2019-08-15 23:33:10.833 [Test worker] INFO  setDefaultAttributes - Setting attributes by default...
2019-08-15 23:33:10.835 [Test worker] INFO  nextStep - Going to next page...
2019-08-15 23:33:10.993 [Test worker] INFO  setDefaultAttributes - Setting attributes by default...
2019-08-15 23:33:12.369 [Test worker] INFO  <init> - Initializing options...
2019-08-15 23:33:13.239 [Test worker] INFO  nextStep - Going to next page...
